<?xml version="1.0" encoding="UTF-8"?>
<!-- Generated by org.testng.reporters.JUnitReportReporter -->
<testsuite hostname="HPCompaq6300-Melli11" failures="0" tests="1" name="pruebas.SauceDemoTest" time="12.984" errors="0" timestamp="2023-06-07T01:27:34 ART" skipped="0">
  <testcase classname="pruebas.SauceDemoTest" name="realizarCompra" time="12.984"/>
  <system-out/>
</testsuite> <!-- pruebas.SauceDemoTest -->
