<?xml version="1.0" encoding="UTF-8"?>
<!-- Generated by org.testng.reporters.JUnitReportReporter -->
<testsuite hostname="HPCompaq6300-Melli11" failures="0" tests="11" name="pruebas.SauceDemoTest" time="25.309" errors="0" timestamp="2023-06-11T21:08:18 ART" skipped="0">
  <testcase classname="pruebas.SauceDemoTest" name="iniciarSesion_fail" time="0.391"/>
  <system-out/>
  <testcase classname="pruebas.SauceDemoTest" name="ordenarProductosPorPrecioMayor" time="0.747"/>
  <system-out/>
  <testcase classname="pruebas.SauceDemoTest" name="iniciarYCerrarSesion" time="0.567"/>
  <system-out/>
  <testcase classname="pruebas.SauceDemoTest" name="iniciarYCerrarSesion" time="5.544"/>
  <system-out/>
  <testcase classname="pruebas.SauceDemoTest" name="ordenarProductosPorPrecioMenor" time="0.757"/>
  <system-out/>
  <testcase classname="pruebas.SauceDemoTest" name="realizarCompra" time="13.446"/>
  <system-out/>
  <testcase classname="pruebas.SauceDemoTest" name="agregarTodosLosItems" time="0.908"/>
  <system-out/>
  <testcase classname="pruebas.SauceDemoTest" name="iniciarYCerrarSesion" time="0.554"/>
  <system-out/>
  <testcase classname="pruebas.SauceDemoTest" name="ordenarProductosPorOrdenAlf" time="0.781"/>
  <system-out/>
  <testcase classname="pruebas.SauceDemoTest" name="agregarItem" time="0.821"/>
  <system-out/>
  <testcase classname="pruebas.SauceDemoTest" name="ordenarProductosPorOrdenAlfInverso" time="0.793"/>
  <system-out/>
</testsuite> <!-- pruebas.SauceDemoTest -->
