<?xml version="1.0" encoding="UTF-8"?>
<!-- Generated by org.testng.reporters.JUnitReportReporter -->
<testsuite hostname="HPCompaq6300-Melli11" failures="0" tests="1" name="pruebas.MainTest" time="0.502" errors="0" timestamp="2023-04-25T21:50:03 ART" skipped="0">
  <testcase classname="pruebas.MainTest" name="iniciarSesion" time="0.502"/>
  <system-out/>
</testsuite> <!-- pruebas.MainTest -->
