<?xml version="1.0" encoding="UTF-8"?>
<!-- Generated by org.testng.reporters.JUnitReportReporter -->
<testsuite hostname="HPCompaq6300-Melli11" failures="0" tests="1" name="pruebas.SauceDemoTest" time="12.206" errors="0" timestamp="2023-05-29T01:23:55 ART" skipped="0">
  <testcase classname="pruebas.SauceDemoTest" name="realizarCompra" time="12.206"/>
  <system-out/>
</testsuite> <!-- pruebas.SauceDemoTest -->
