<?xml version="1.0" encoding="UTF-8"?>
<!-- Generated by org.testng.reporters.JUnitReportReporter -->
<testsuite hostname="HPCompaq6300-Melli11" failures="0" tests="1" name="scripts.sauceDemo.AppTest" time="0.010" errors="0" timestamp="2023-05-29T00:16:57 ART" skipped="0">
  <testcase classname="scripts.sauceDemo.AppTest" name="shouldAnswerWithTrue" time="0.010"/>
  <system-out/>
</testsuite> <!-- scripts.sauceDemo.AppTest -->
