<?xml version="1.0" encoding="UTF-8"?>
<!-- Generated by org.testng.reporters.JUnitReportReporter -->
<testsuite hostname="HPCompaq6300-Melli11" failures="0" tests="1" name="pruebas.SauceDemoTest" time="1.013" errors="0" timestamp="2023-05-28T23:01:27 ART" skipped="0">
  <testcase classname="pruebas.SauceDemoTest" name="realizarCompra" time="1.013"/>
  <system-out/>
</testsuite> <!-- pruebas.SauceDemoTest -->
