<?xml version="1.0" encoding="UTF-8"?>
<!-- Generated by org.testng.reporters.JUnitReportReporter -->
<testsuite hostname="HPCompaq6300-Melli11" failures="0" tests="1" name="pruebas.SauceDemoTest" time="0.905" errors="0" timestamp="2023-06-11T00:43:15 ART" skipped="0">
  <testcase classname="pruebas.SauceDemoTest" name="ordenarProductosPorOrdenAlfInverso" time="0.905"/>
  <system-out/>
</testsuite> <!-- pruebas.SauceDemoTest -->
