<?xml version="1.0" encoding="UTF-8"?>
<!-- Generated by org.testng.reporters.JUnitReportReporter -->
<testsuite hostname="HPCompaq6300-Melli11" failures="0" tests="1" name="pruebas.SauceDemoTest" time="2.633" errors="0" timestamp="2023-05-29T00:20:48 ART" skipped="0">
  <testcase classname="pruebas.SauceDemoTest" name="realizarCompra" time="2.633"/>
  <system-out/>
</testsuite> <!-- pruebas.SauceDemoTest -->
